Building DAG of jobs...
Using shell: /bin/bash
Provided cores: 1 (use --cores to define parallelism)
Rules claiming more threads will be scaled down.
Job counts:
	count	jobs
	1	articles_indexs
	1	cat_indexs
	1	fusion
	1	global_alignment
	1	request
	5

[Tue Mar 24 18:54:17 2020]
rule articles_indexs:
    input: dataset/CaL/article/fphys-07-00481.pdf
    output: dataset/CaL/articles_indexs/fphys-07-00481.txt
    jobid: 4
    wildcards: channel=CaL, article=fphys-07-00481

[Tue Mar 24 18:54:19 2020]
Finished job 4.
1 of 5 steps (20%) done

[Tue Mar 24 18:54:19 2020]
rule cat_indexs:
    input: dataset/CaL/articles_indexs/fphys-07-00481.txt
    output: indexs.txt
    jobid: 3

Removing temporary output file dataset/CaL/articles_indexs/fphys-07-00481.txt.
[Tue Mar 24 18:54:19 2020]
Finished job 3.
2 of 5 steps (40%) done

[Tue Mar 24 18:54:19 2020]
rule fusion:
    input: indexs.txt, fixed.txt
    output: workflow/clear_indexs.csv
    jobid: 2

Removing temporary output file indexs.txt.
[Tue Mar 24 18:54:21 2020]
Finished job 2.
3 of 5 steps (60%) done

[Tue Mar 24 18:54:21 2020]
rule request:
    input: workflow/clear_indexs.csv
    output: workflow/all_sequences.fasta
    jobid: 1

Removing temporary output file workflow/clear_indexs.csv.
[Tue Mar 24 18:54:23 2020]
Finished job 1.
4 of 5 steps (80%) done

[Tue Mar 24 18:54:23 2020]
rule global_alignment:
    input: workflow/all_sequences.fasta
    output: workflow/all_sequences.aln
    jobid: 0

Removing temporary output file workflow/all_sequences.fasta.
Removing temporary output file workflow/all_sequences.aln.
[Tue Mar 24 18:54:25 2020]
Finished job 0.
5 of 5 steps (100%) done
Complete log: /home/mark/Рабочий стол/bioinf/urfu_bioinf_2020/.snakemake/log/2020-03-24T185417.754075.snakemake.log
