Building DAG of jobs...
Using shell: /bin/bash
Provided cores: 1 (use --cores to define parallelism)
Rules claiming more threads will be scaled down.
Job counts:
	count	jobs
	1	articles_indexs
	1	cat_indexs
	1	fusion
	1	request
	4

[Tue Mar 24 18:50:59 2020]
rule articles_indexs:
    input: dataset/CaL/article/fphys-07-00481.pdf
    output: dataset/CaL/articles_indexs/fphys-07-00481.txt
    jobid: 3
    wildcards: channel=CaL, article=fphys-07-00481

[Tue Mar 24 18:51:01 2020]
Finished job 3.
1 of 4 steps (25%) done

[Tue Mar 24 18:51:01 2020]
rule cat_indexs:
    input: dataset/CaL/articles_indexs/fphys-07-00481.txt
    output: indexs.txt
    jobid: 2

Removing temporary output file dataset/CaL/articles_indexs/fphys-07-00481.txt.
[Tue Mar 24 18:51:01 2020]
Finished job 2.
2 of 4 steps (50%) done

[Tue Mar 24 18:51:01 2020]
rule fusion:
    input: indexs.txt, fixed.txt
    output: workflow/clear_indexs.csv
    jobid: 1

Removing temporary output file indexs.txt.
[Tue Mar 24 18:51:03 2020]
Finished job 1.
3 of 4 steps (75%) done

[Tue Mar 24 18:51:03 2020]
rule request:
    input: workflow/clear_indexs.csv
    output: workflow/all_sequences.fasta
    jobid: 0

Removing temporary output file workflow/clear_indexs.csv.
[Tue Mar 24 18:51:05 2020]
Finished job 0.
4 of 4 steps (100%) done
Complete log: /home/mark/Рабочий стол/bioinf/urfu_bioinf_2020/.snakemake/log/2020-03-24T185059.229140.snakemake.log
