Building DAG of jobs...
Using shell: /bin/bash
Provided cores: 1 (use --cores to define parallelism)
Rules claiming more threads will be scaled down.
Job counts:
	count	jobs
	1	articles_indexs
	1	cat_indexs
	1	fusion
	1	global_alignment
	1	request
	1	tree_builder
	6

[Tue Mar 24 18:56:21 2020]
rule articles_indexs:
    input: dataset/CaL/article/fphys-07-00481.pdf
    output: dataset/CaL/articles_indexs/fphys-07-00481.txt
    jobid: 5
    wildcards: channel=CaL, article=fphys-07-00481

[Tue Mar 24 18:56:23 2020]
Finished job 5.
1 of 6 steps (17%) done

[Tue Mar 24 18:56:23 2020]
rule cat_indexs:
    input: dataset/CaL/articles_indexs/fphys-07-00481.txt
    output: indexs.txt
    jobid: 4

Removing temporary output file dataset/CaL/articles_indexs/fphys-07-00481.txt.
[Tue Mar 24 18:56:23 2020]
Finished job 4.
2 of 6 steps (33%) done

[Tue Mar 24 18:56:23 2020]
rule fusion:
    input: indexs.txt, fixed.txt
    output: workflow/clear_indexs.csv
    jobid: 3

Removing temporary output file indexs.txt.
[Tue Mar 24 18:56:25 2020]
Finished job 3.
3 of 6 steps (50%) done

[Tue Mar 24 18:56:25 2020]
rule request:
    input: workflow/clear_indexs.csv
    output: workflow/all_sequences.fasta
    jobid: 2

Removing temporary output file workflow/clear_indexs.csv.
[Tue Mar 24 18:56:27 2020]
Finished job 2.
4 of 6 steps (67%) done

[Tue Mar 24 18:56:27 2020]
rule global_alignment:
    input: workflow/all_sequences.fasta
    output: workflow/all_sequences.aln
    jobid: 1

Removing temporary output file workflow/all_sequences.fasta.
[Tue Mar 24 18:56:29 2020]
Finished job 1.
5 of 6 steps (83%) done

[Tue Mar 24 18:56:29 2020]
rule tree_builder:
    input: workflow/all_sequences.aln
    output: workflow/tree.dnd, workflow/score.txt
    jobid: 0

[Tue Mar 24 18:56:31 2020]
Error in rule tree_builder:
    jobid: 0
    output: workflow/tree.dnd, workflow/score.txt

RuleException:
CalledProcessError in line 24 of /home/mark/Рабочий стол/bioinf/urfu_bioinf_2020/Snakefile:
Command 'set -euo pipefail;  jupyter-nbconvert --execute  --to notebook --ExecutePreprocessor.timeout=-1 '/home/mark/Рабочий стол/bioinf/urfu_bioinf_2020/.snakemake/scripts/tmpt6qoiqyp.tree_builder.ipynb'' returned non-zero exit status 1.
  File "/home/mark/Рабочий стол/bioinf/urfu_bioinf_2020/Snakefile", line 24, in __rule_tree_builder
  File "/home/mark/anaconda3/lib/python3.7/concurrent/futures/thread.py", line 57, in run
Shutting down, this might take some time.
Exiting because a job execution failed. Look above for error message
Complete log: /home/mark/Рабочий стол/bioinf/urfu_bioinf_2020/.snakemake/log/2020-03-24T185621.733724.snakemake.log
