Building DAG of jobs...
Using shell: /bin/bash
Provided cores: 1 (use --cores to define parallelism)
Rules claiming more threads will be scaled down.
Job counts:
	count	jobs
	1	articles_indexs
	1

[Sat Mar 21 22:32:26 2020]
rule articles_indexs:
    input: dataset/CaL/article/fphys-07-00481.pdf
    output: dataset/CaL/articles_indexs/fphys-07-00481.txt
    jobid: 0
    wildcards: channel=CaL, article=fphys-07-00481

jupyter-nbconvert --execute  --to notebook --ExecutePreprocessor.timeout=-1 '/home/mark/Рабочий стол/bioinf/urfu_bioinf_2020/.snakemake/scripts/tmp0ibkzsjg.articles_indexs.ipynb'
[Sat Mar 21 22:32:29 2020]
Error in rule articles_indexs:
    jobid: 0
    output: dataset/CaL/articles_indexs/fphys-07-00481.txt

RuleException:
CalledProcessError in line 19 of /home/mark/Рабочий стол/bioinf/urfu_bioinf_2020/Snakefile:
Command 'set -euo pipefail;  jupyter-nbconvert --execute  --to notebook --ExecutePreprocessor.timeout=-1 '/home/mark/Рабочий стол/bioinf/urfu_bioinf_2020/.snakemake/scripts/tmp0ibkzsjg.articles_indexs.ipynb'' returned non-zero exit status 1.
  File "/home/mark/Рабочий стол/bioinf/urfu_bioinf_2020/Snakefile", line 19, in __rule_articles_indexs
  File "/home/mark/anaconda3/lib/python3.7/concurrent/futures/thread.py", line 57, in run
Shutting down, this might take some time.
Exiting because a job execution failed. Look above for error message
Complete log: /home/mark/Рабочий стол/bioinf/urfu_bioinf_2020/.snakemake/log/2020-03-21T223226.492397.snakemake.log
