Building DAG of jobs...
Using shell: /bin/bash
Provided cores: 1 (use --cores to define parallelism)
Rules claiming more threads will be scaled down.
Job counts:
	count	jobs
	1	global_alignment
	1	tree_builder
	2

[Tue Mar 24 19:03:03 2020]
rule global_alignment:
    input: workflow/all_sequences.fasta
    output: workflow/all_sequences.aln
    jobid: 1

Removing temporary output file workflow/all_sequences.fasta.
[Tue Mar 24 19:03:05 2020]
Finished job 1.
1 of 2 steps (50%) done

[Tue Mar 24 19:03:05 2020]
rule tree_builder:
    input: workflow/all_sequences.aln
    output: workflow/tree.dnd, workflow/score.txt
    jobid: 0

Removing temporary output file workflow/all_sequences.aln.
Removing temporary output file workflow/tree.dnd.
Removing temporary output file workflow/score.txt.
[Tue Mar 24 19:03:07 2020]
Finished job 0.
2 of 2 steps (100%) done
Complete log: /home/mark/Рабочий стол/bioinf/urfu_bioinf_2020/.snakemake/log/2020-03-24T190303.099579.snakemake.log
